<?xml version="1.0" encoding="UTF-8"?>
<!-- Generated by org.testng.reporters.JUnitReportReporter -->
<testsuite hostname="TEMMY" failures="0" tests="2" name="abbeyLtd.TestPage.ErrorValidationsTest" time="13.868" errors="0" timestamp="2025-05-23T11:18:27 BST" skipped="0">
  <testcase classname="abbeyLtd.TestPage.ErrorValidationsTest" name="productErrorValidation" time="7.296"/>
  <testcase classname="abbeyLtd.TestPage.ErrorValidationsTest" name="loginErrorValidation" time="6.572"/>
</testsuite> <!-- abbeyLtd.TestPage.ErrorValidationsTest -->
