<?xml version="1.0" encoding="UTF-8"?>
<!-- Generated by org.testng.reporters.JUnitReportReporter -->
<testsuite hostname="TEMMY" failures="0" tests="2" name="abbeyLtd.TestPage.SubmitOrderTest" time="14.553" errors="0" timestamp="2025-05-23T12:22:23 BST" skipped="0">
  <testcase classname="abbeyLtd.TestPage.SubmitOrderTest" name="submitOrder" time="6.840"/>
  <testcase classname="abbeyLtd.TestPage.SubmitOrderTest" name="submitOrder" time="7.713"/>
</testsuite> <!-- abbeyLtd.TestPage.SubmitOrderTest -->
